<?xml version="1.0" encoding="UTF-8"?>
<testng-results skipped="0" failed="0" ignored="0" total="1" passed="1">
  <reporter-output>
  </reporter-output>
  <suite name="Default suite" duration-ms="17645" started-at="2021-07-07T11:08:16 WAT" finished-at="2021-07-07T11:08:33 WAT">
    <groups>
    </groups>
    <test name="Default test" duration-ms="17645" started-at="2021-07-07T11:08:16 WAT" finished-at="2021-07-07T11:08:33 WAT">
      <class name="com.fbistech.TestCases.Direct_SubDealerFunding_TestCase">
        <test-method status="PASS" signature="verifySubDealerCanFund_RetailerOnDownLine()[pri:1, instance:com.fbistech.TestCases.Direct_SubDealerFunding_TestCase@6f43c82]" name="verifySubDealerCanFund_RetailerOnDownLine" duration-ms="17597" started-at="2021-07-07T11:08:16 WAT" finished-at="2021-07-07T11:08:33 WAT">
          <reporter-output>
          </reporter-output>
        </test-method> <!-- verifySubDealerCanFund_RetailerOnDownLine -->
      </class> <!-- com.fbistech.TestCases.Direct_SubDealerFunding_TestCase -->
    </test> <!-- Default test -->
  </suite> <!-- Default suite -->
</testng-results>
